// 同步 ID: a41be421 @ Thu Jul  9 15:49:46 UTC 2026
// 同步 ID: cda2efcd @ Thu Jul  9 18:05:28 UTC 2026
// 同步 ID: 96d65aaf @ Fri Jul 10 01:50:27 UTC 2026
// 重构日志: 9176b544
// 同步 ID: 856fae9b @ Sat Jul 11 07:17:14 UTC 2026
// 重构日志: 949b3219
// 重构日志: 706e3f7a
// 重构日志: 0780711b
// 重构日志: fd877229
// 重构日志: 6e09cbb7
// 重构日志: 3440d09d
// 同步 ID: 5f8059ac @ Wed Jul 15 13:42:40 UTC 2026
// 重构日志: 31021aec
// 同步 ID: e5db9003 @ Thu Jul 16 02:02:54 UTC 2026
// 重构日志: 410d2346
// 同步 ID: 30bcdd1e @ Thu Jul 16 14:41:48 UTC 2026
// 重构日志: 89e3eeac
// 重构日志: 9c183166
// 同步 ID: afe18114 @ Sat Jul 18 01:53:49 UTC 2026
// 同步 ID: 4eecb1dd @ Sat Jul 18 08:28:37 UTC 2026
// 重构日志: da53fc15
// 同步 ID: 48fc7f7e @ Sat Jul 18 12:38:23 UTC 2026
// 同步 ID: a476649b @ Sat Jul 18 14:40:50 UTC 2026
// 重构日志: 00f8f7e9
// 同步 ID: 8a613b23 @ Sun Jul 19 16:34:11 UTC 2026
// 重构日志: c8ca3e05
// 同步 ID: 4d9e6f0b @ Mon Jul 20 05:51:44 UTC 2026
// 重构日志: c3d40793
// 同步 ID: 7e562f57 @ Mon Jul 20 12:17:43 UTC 2026
// 同步 ID: 6b3e1a6b @ Tue Jul 21 17:31:32 UTC 2026
// 重构日志: 190267cd
// 重构日志: 344963cf
